<?xml version="1.0" encoding="UTF-8"?>
<!-- Generated by org.testng.reporters.JUnitXMLReporter -->
<testsuite ignored="0" hostname="Reshmi" failures="0" tests="5" name="Default test" time="25.155" errors="0" timestamp="2023-07-06T03:08:04 EDT">
  <testcase classname="com.acti.testcase.LoginPageTest" name="testForgotPasswordLink" time="0.067"/>
  <testcase classname="com.acti.testcase.LoginPageTest" name="testLoginFunction" time="5.195"/>
  <testcase classname="com.acti.testcase.LoginPageTest" name="testLoginImage" time="0.031"/>
  <testcase classname="com.acti.testcase.LoginPageTest" name="testPageTitle" time="0.016"/>
  <testcase classname="com.acti.testcase.LoginPageTest" name="testactiLink" time="0.039"/>
</testsuite> <!-- Default test -->
