<?xml version="1.0" encoding="UTF-8"?>
<testng-results ignored="0" total="5" passed="5" failed="0" skipped="0">
  <reporter-output>
  </reporter-output>
  <suite started-at="2023-07-06T03:07:38 EDT" name="Default suite" finished-at="2023-07-06T03:08:04 EDT" duration-ms="25155">
    <groups>
    </groups>
    <test started-at="2023-07-06T03:07:38 EDT" name="Default test" finished-at="2023-07-06T03:08:04 EDT" duration-ms="25155">
      <class name="com.acti.testcase.LoginPageTest">
        <test-method is-config="true" signature="setUp()[pri:0, instance:com.acti.testcase.LoginPageTest@5dd91bca]" started-at="2023-07-06T03:07:38 EDT" name="setUp" finished-at="2023-07-06T03:07:43 EDT" duration-ms="4393" status="PASS">
          <reporter-output>
          </reporter-output>
        </test-method> <!-- setUp -->
        <test-method signature="testForgotPasswordLink()[pri:0, instance:com.acti.testcase.LoginPageTest@5dd91bca]" started-at="2023-07-06T03:07:43 EDT" name="testForgotPasswordLink" finished-at="2023-07-06T03:07:43 EDT" duration-ms="67" status="PASS">
          <reporter-output>
          </reporter-output>
        </test-method> <!-- testForgotPasswordLink -->
        <test-method is-config="true" signature="tearDown()[pri:0, instance:com.acti.testcase.LoginPageTest@5dd91bca]" started-at="2023-07-06T03:07:43 EDT" name="tearDown" finished-at="2023-07-06T03:07:43 EDT" duration-ms="176" status="PASS">
          <reporter-output>
          </reporter-output>
        </test-method> <!-- tearDown -->
        <test-method is-config="true" signature="setUp()[pri:0, instance:com.acti.testcase.LoginPageTest@5dd91bca]" started-at="2023-07-06T03:07:43 EDT" name="setUp" finished-at="2023-07-06T03:07:47 EDT" duration-ms="3578" status="PASS">
          <reporter-output>
          </reporter-output>
        </test-method> <!-- setUp -->
        <test-method signature="testLoginFunction()[pri:0, instance:com.acti.testcase.LoginPageTest@5dd91bca]" started-at="2023-07-06T03:07:47 EDT" name="testLoginFunction" finished-at="2023-07-06T03:07:52 EDT" duration-ms="5195" status="PASS">
          <reporter-output>
          </reporter-output>
        </test-method> <!-- testLoginFunction -->
        <test-method is-config="true" signature="tearDown()[pri:0, instance:com.acti.testcase.LoginPageTest@5dd91bca]" started-at="2023-07-06T03:07:52 EDT" name="tearDown" finished-at="2023-07-06T03:07:52 EDT" duration-ms="236" status="PASS">
          <reporter-output>
          </reporter-output>
        </test-method> <!-- tearDown -->
        <test-method is-config="true" signature="setUp()[pri:0, instance:com.acti.testcase.LoginPageTest@5dd91bca]" started-at="2023-07-06T03:07:52 EDT" name="setUp" finished-at="2023-07-06T03:07:56 EDT" duration-ms="3607" status="PASS">
          <reporter-output>
          </reporter-output>
        </test-method> <!-- setUp -->
        <test-method signature="testLoginImage()[pri:0, instance:com.acti.testcase.LoginPageTest@5dd91bca]" started-at="2023-07-06T03:07:56 EDT" name="testLoginImage" finished-at="2023-07-06T03:07:56 EDT" duration-ms="31" status="PASS">
          <reporter-output>
          </reporter-output>
        </test-method> <!-- testLoginImage -->
        <test-method is-config="true" signature="tearDown()[pri:0, instance:com.acti.testcase.LoginPageTest@5dd91bca]" started-at="2023-07-06T03:07:56 EDT" name="tearDown" finished-at="2023-07-06T03:07:56 EDT" duration-ms="130" status="PASS">
          <reporter-output>
          </reporter-output>
        </test-method> <!-- tearDown -->
        <test-method is-config="true" signature="setUp()[pri:0, instance:com.acti.testcase.LoginPageTest@5dd91bca]" started-at="2023-07-06T03:07:56 EDT" name="setUp" finished-at="2023-07-06T03:08:00 EDT" duration-ms="3616" status="PASS">
          <reporter-output>
          </reporter-output>
        </test-method> <!-- setUp -->
        <test-method signature="testPageTitle()[pri:0, instance:com.acti.testcase.LoginPageTest@5dd91bca]" started-at="2023-07-06T03:08:00 EDT" name="testPageTitle" finished-at="2023-07-06T03:08:00 EDT" duration-ms="16" status="PASS">
          <reporter-output>
          </reporter-output>
        </test-method> <!-- testPageTitle -->
        <test-method is-config="true" signature="tearDown()[pri:0, instance:com.acti.testcase.LoginPageTest@5dd91bca]" started-at="2023-07-06T03:08:00 EDT" name="tearDown" finished-at="2023-07-06T03:08:00 EDT" duration-ms="162" status="PASS">
          <reporter-output>
          </reporter-output>
        </test-method> <!-- tearDown -->
        <test-method is-config="true" signature="setUp()[pri:0, instance:com.acti.testcase.LoginPageTest@5dd91bca]" started-at="2023-07-06T03:08:00 EDT" name="setUp" finished-at="2023-07-06T03:08:03 EDT" duration-ms="3667" status="PASS">
          <reporter-output>
          </reporter-output>
        </test-method> <!-- setUp -->
        <test-method signature="testactiLink()[pri:0, instance:com.acti.testcase.LoginPageTest@5dd91bca]" started-at="2023-07-06T03:08:03 EDT" name="testactiLink" finished-at="2023-07-06T03:08:03 EDT" duration-ms="39" status="PASS">
          <reporter-output>
          </reporter-output>
        </test-method> <!-- testactiLink -->
        <test-method is-config="true" signature="tearDown()[pri:0, instance:com.acti.testcase.LoginPageTest@5dd91bca]" started-at="2023-07-06T03:08:03 EDT" name="tearDown" finished-at="2023-07-06T03:08:04 EDT" duration-ms="147" status="PASS">
          <reporter-output>
          </reporter-output>
        </test-method> <!-- tearDown -->
      </class> <!-- com.acti.testcase.LoginPageTest -->
    </test> <!-- Default test -->
  </suite> <!-- Default suite -->
</testng-results>
